{"timestamp": "2025-06-29T00:19:49.173335", "level": "WARN", "service": "web-server", "message": "Sample log message 843", "response_time": 143}
{"timestamp": "2025-06-29T00:19:51.162944", "level": "WARN", "service": "database", "message": "Sample log message 793", "response_time": 124}
{"timestamp": "2025-06-29T00:19:51.745143", "level": "WARN", "service": "database", "message": "Sample log message 458", "response_time": 208}
{"timestamp": "2025-06-29T00:19:53.662965", "level": "DEBUG", "service": "database", "message": "Sample log message 343", "response_time": 294}
{"timestamp": "2025-06-29T00:19:54.877332", "level": "WARN", "service": "auth-service", "message": "Sample log message 348", "response_time": 210}
{"timestamp": "2025-06-29T00:19:56.080435", "level": "WARN", "service": "cache", "message": "Sample log message 654", "response_time": 115}
{"timestamp": "2025-06-29T00:19:57.991182", "level": "DEBUG", "service": "cache", "message": "Sample log message 564", "response_time": 411}
{"timestamp": "2025-06-29T00:19:59.378827", "level": "WARN", "service": "auth-service", "message": "Sample log message 627", "response_time": 44}
{"timestamp": "2025-06-29T00:19:59.950975", "level": "INFO", "service": "auth-service", "message": "Sample log message 309", "response_time": 43}
{"timestamp": "2025-06-29T00:20:01.448013", "level": "ERROR", "service": "database", "message": "Sample log message 955", "response_time": 24}
{"timestamp": "2025-06-29T00:20:03.384943", "level": "DEBUG", "service": "web-server", "message": "Sample log message 730", "response_time": 479}
{"timestamp": "2025-06-29T00:20:04.699392", "level": "INFO", "service": "database", "message": "Sample log message 311", "response_time": 296}
{"timestamp": "2025-06-29T00:20:05.954915", "level": "WARN", "service": "database", "message": "Sample log message 589", "response_time": 268}
{"timestamp": "2025-06-29T00:20:06.766270", "level": "INFO", "service": "database", "message": "Sample log message 129", "response_time": 178}
{"timestamp": "2025-06-29T00:20:07.662259", "level": "INFO", "service": "web-server", "message": "Sample log message 762", "response_time": 406}
{"timestamp": "2025-06-29T00:20:09.511698", "level": "INFO", "service": "web-server", "message": "Sample log message 275", "response_time": 480}
{"timestamp": "2025-06-29T00:20:11.023626", "level": "ERROR", "service": "database", "message": "Sample log message 203", "response_time": 403}
{"timestamp": "2025-06-29T00:20:12.679939", "level": "WARN", "service": "database", "message": "Sample log message 581", "response_time": 332}
{"timestamp": "2025-06-29T00:20:13.570167", "level": "INFO", "service": "web-server", "message": "Sample log message 702", "response_time": 369}
{"timestamp": "2025-06-29T00:20:15.062640", "level": "DEBUG", "service": "auth-service", "message": "Sample log message 666", "response_time": 67}
{"timestamp": "2025-06-29T00:20:16.597700", "level": "INFO", "service": "web-server", "message": "Sample log message 320", "response_time": 423}
{"timestamp": "2025-06-29T00:20:17.350525", "level": "INFO", "service": "auth-service", "message": "Sample log message 336", "response_time": 57}
{"timestamp": "2025-06-29T00:20:18.703804", "level": "DEBUG", "service": "auth-service", "message": "Sample log message 134", "response_time": 114}
{"timestamp": "2025-06-29T00:20:20.151083", "level": "WARN", "service": "auth-service", "message": "Sample log message 888", "response_time": 231}
{"timestamp": "2025-06-29T00:20:22.118188", "level": "DEBUG", "service": "database", "message": "Sample log message 150", "response_time": 388}
{"timestamp": "2025-06-29T00:20:22.678131", "level": "WARN", "service": "auth-service", "message": "Sample log message 316", "response_time": 221}
{"timestamp": "2025-06-29T00:20:23.438076", "level": "INFO", "service": "web-server", "message": "Sample log message 922", "response_time": 117}
{"timestamp": "2025-06-29T00:20:24.075054", "level": "INFO", "service": "web-server", "message": "Sample log message 528", "response_time": 168}
{"timestamp": "2025-06-29T00:20:25.059780", "level": "ERROR", "service": "auth-service", "message": "Sample log message 935", "response_time": 197}
{"timestamp": "2025-06-29T00:20:26.290855", "level": "INFO", "service": "web-server", "message": "Sample log message 51", "response_time": 181}
{"timestamp": "2025-06-29T00:20:26.971058", "level": "INFO", "service": "auth-service", "message": "Sample log message 475", "response_time": 77}
{"timestamp": "2025-06-29T00:20:28.268104", "level": "DEBUG", "service": "database", "message": "Sample log message 273", "response_time": 354}
{"timestamp": "2025-06-29T00:20:30.121426", "level": "ERROR", "service": "database", "message": "Sample log message 900", "response_time": 411}
{"timestamp": "2025-06-29T00:20:31.163754", "level": "DEBUG", "service": "web-server", "message": "Sample log message 66", "response_time": 171}
{"timestamp": "2025-06-29T00:20:33.146983", "level": "INFO", "service": "cache", "message": "Sample log message 608", "response_time": 230}
{"timestamp": "2025-06-29T00:20:34.688188", "level": "ERROR", "service": "cache", "message": "Sample log message 718", "response_time": 76}
{"timestamp": "2025-06-29T00:20:35.473723", "level": "INFO", "service": "cache", "message": "Sample log message 751", "response_time": 97}
{"timestamp": "2025-06-29T00:20:37.073983", "level": "INFO", "service": "cache", "message": "Sample log message 371", "response_time": 157}
{"timestamp": "2025-06-29T00:20:38.618428", "level": "DEBUG", "service": "web-server", "message": "Sample log message 876", "response_time": 416}
{"timestamp": "2025-06-29T00:20:40.005272", "level": "WARN", "service": "auth-service", "message": "Sample log message 626", "response_time": 36}
{"timestamp": "2025-06-29T00:20:40.678742", "level": "WARN", "service": "web-server", "message": "Sample log message 349", "response_time": 185}
{"timestamp": "2025-06-29T00:20:42.289796", "level": "ERROR", "service": "web-server", "message": "Sample log message 249", "response_time": 224}
{"timestamp": "2025-06-29T00:20:42.988427", "level": "ERROR", "service": "auth-service", "message": "Sample log message 609", "response_time": 152}
{"timestamp": "2025-06-29T00:20:44.039017", "level": "INFO", "service": "cache", "message": "Sample log message 746", "response_time": 101}
{"timestamp": "2025-06-29T00:20:45.903904", "level": "WARN", "service": "cache", "message": "Sample log message 588", "response_time": 387}
{"timestamp": "2025-06-29T00:20:47.284619", "level": "INFO", "service": "cache", "message": "Sample log message 722", "response_time": 135}
{"timestamp": "2025-06-29T00:20:48.287331", "level": "WARN", "service": "web-server", "message": "Sample log message 300", "response_time": 325}
{"timestamp": "2025-06-29T00:20:50.109047", "level": "WARN", "service": "cache", "message": "Sample log message 811", "response_time": 170}
{"timestamp": "2025-06-29T00:20:51.654046", "level": "ERROR", "service": "cache", "message": "Sample log message 804", "response_time": 448}
{"timestamp": "2025-06-29T00:20:52.642045", "level": "ERROR", "service": "web-server", "message": "Sample log message 626", "response_time": 133}
{"timestamp": "2025-06-29T00:20:53.312173", "level": "INFO", "service": "database", "message": "Sample log message 758", "response_time": 355}
{"timestamp": "2025-06-29T00:20:55.208757", "level": "DEBUG", "service": "cache", "message": "Sample log message 625", "response_time": 460}
{"timestamp": "2025-06-29T00:20:55.804601", "level": "ERROR", "service": "auth-service", "message": "Sample log message 3", "response_time": 437}
{"timestamp": "2025-06-29T00:20:57.074437", "level": "DEBUG", "service": "database", "message": "Sample log message 715", "response_time": 400}
{"timestamp": "2025-06-29T00:20:58.814057", "level": "INFO", "service": "auth-service", "message": "Sample log message 243", "response_time": 98}
{"timestamp": "2025-06-29T00:20:59.972759", "level": "INFO", "service": "auth-service", "message": "Sample log message 845", "response_time": 447}
{"timestamp": "2025-06-29T00:21:01.373072", "level": "DEBUG", "service": "database", "message": "Sample log message 491", "response_time": 377}
{"timestamp": "2025-06-29T00:21:02.137066", "level": "DEBUG", "service": "cache", "message": "Sample log message 865", "response_time": 199}
{"timestamp": "2025-06-29T00:21:03.643808", "level": "WARN", "service": "web-server", "message": "Sample log message 727", "response_time": 243}
{"timestamp": "2025-06-29T00:21:04.995248", "level": "WARN", "service": "database", "message": "Sample log message 152", "response_time": 432}
{"timestamp": "2025-06-29T00:21:05.694007", "level": "INFO", "service": "cache", "message": "Sample log message 738", "response_time": 221}
{"timestamp": "2025-06-29T00:21:07.313062", "level": "WARN", "service": "cache", "message": "Sample log message 905", "response_time": 467}
{"timestamp": "2025-06-29T00:21:07.989860", "level": "ERROR", "service": "database", "message": "Sample log message 910", "response_time": 453}
{"timestamp": "2025-06-29T00:21:09.142468", "level": "ERROR", "service": "auth-service", "message": "Sample log message 410", "response_time": 47}
{"timestamp": "2025-06-29T00:21:09.948576", "level": "ERROR", "service": "web-server", "message": "Sample log message 440", "response_time": 30}
{"timestamp": "2025-06-29T00:21:11.627482", "level": "ERROR", "service": "web-server", "message": "Sample log message 926", "response_time": 268}
{"timestamp": "2025-06-29T00:21:12.652738", "level": "INFO", "service": "web-server", "message": "Sample log message 807", "response_time": 376}
{"timestamp": "2025-06-29T00:21:13.587252", "level": "ERROR", "service": "database", "message": "Sample log message 621", "response_time": 497}
{"timestamp": "2025-06-29T00:21:15.375126", "level": "WARN", "service": "database", "message": "Sample log message 873", "response_time": 40}
{"timestamp": "2025-06-29T00:21:15.993952", "level": "WARN", "service": "database", "message": "Sample log message 379", "response_time": 40}
{"timestamp": "2025-06-29T00:21:16.506291", "level": "WARN", "service": "cache", "message": "Sample log message 3", "response_time": 79}
{"timestamp": "2025-06-29T00:21:17.644192", "level": "WARN", "service": "web-server", "message": "Sample log message 957", "response_time": 79}
{"timestamp": "2025-06-29T00:21:18.817641", "level": "WARN", "service": "web-server", "message": "Sample log message 658", "response_time": 315}
{"timestamp": "2025-06-29T00:21:19.472284", "level": "WARN", "service": "cache", "message": "Sample log message 76", "response_time": 441}
{"timestamp": "2025-06-29T00:21:20.987568", "level": "INFO", "service": "auth-service", "message": "Sample log message 579", "response_time": 107}
{"timestamp": "2025-06-29T00:21:22.519357", "level": "DEBUG", "service": "auth-service", "message": "Sample log message 392", "response_time": 206}
{"timestamp": "2025-06-29T00:21:24.187358", "level": "WARN", "service": "cache", "message": "Sample log message 653", "response_time": 313}
{"timestamp": "2025-06-29T00:21:25.082552", "level": "WARN", "service": "auth-service", "message": "Sample log message 434", "response_time": 168}
{"timestamp": "2025-06-29T00:21:26.990218", "level": "WARN", "service": "database", "message": "Sample log message 918", "response_time": 187}
{"timestamp": "2025-06-29T00:21:27.835206", "level": "INFO", "service": "database", "message": "Sample log message 479", "response_time": 81}
{"timestamp": "2025-06-29T00:21:28.644950", "level": "ERROR", "service": "cache", "message": "Sample log message 481", "response_time": 49}
{"timestamp": "2025-06-29T00:21:29.361567", "level": "ERROR", "service": "auth-service", "message": "Sample log message 247", "response_time": 391}
{"timestamp": "2025-06-29T00:21:30.034369", "level": "WARN", "service": "database", "message": "Sample log message 75", "response_time": 15}
{"timestamp": "2025-06-29T00:21:31.130791", "level": "WARN", "service": "database", "message": "Sample log message 128", "response_time": 14}
{"timestamp": "2025-06-29T00:21:31.721693", "level": "ERROR", "service": "auth-service", "message": "Sample log message 264", "response_time": 443}
{"timestamp": "2025-06-29T00:21:32.746628", "level": "ERROR", "service": "web-server", "message": "Sample log message 819", "response_time": 268}
{"timestamp": "2025-06-29T00:21:34.155093", "level": "INFO", "service": "database", "message": "Sample log message 489", "response_time": 391}
{"timestamp": "2025-06-29T00:21:35.843966", "level": "WARN", "service": "web-server", "message": "Sample log message 556", "response_time": 138}
{"timestamp": "2025-06-29T00:21:37.648714", "level": "DEBUG", "service": "cache", "message": "Sample log message 440", "response_time": 242}
{"timestamp": "2025-06-29T00:21:38.586992", "level": "DEBUG", "service": "cache", "message": "Sample log message 217", "response_time": 486}
{"timestamp": "2025-06-29T00:21:40.510967", "level": "ERROR", "service": "web-server", "message": "Sample log message 619", "response_time": 249}
{"timestamp": "2025-06-29T00:21:42.124510", "level": "INFO", "service": "cache", "message": "Sample log message 603", "response_time": 91}
{"timestamp": "2025-06-29T00:21:42.872827", "level": "INFO", "service": "web-server", "message": "Sample log message 318", "response_time": 305}
{"timestamp": "2025-06-29T00:21:44.666415", "level": "DEBUG", "service": "web-server", "message": "Sample log message 116", "response_time": 169}
{"timestamp": "2025-06-29T00:21:45.351459", "level": "INFO", "service": "auth-service", "message": "Sample log message 700", "response_time": 358}
{"timestamp": "2025-06-29T00:21:46.593800", "level": "ERROR", "service": "database", "message": "Sample log message 403", "response_time": 237}
{"timestamp": "2025-06-29T00:21:47.858567", "level": "ERROR", "service": "auth-service", "message": "Sample log message 501", "response_time": 375}
{"timestamp": "2025-06-29T00:21:48.618996", "level": "WARN", "service": "web-server", "message": "Sample log message 303", "response_time": 362}
{"timestamp": "2025-06-29T00:21:50.490309", "level": "ERROR", "service": "cache", "message": "Sample log message 629", "response_time": 334}
{"timestamp": "2025-06-29T00:21:51.386969", "level": "ERROR", "service": "cache", "message": "Sample log message 578", "response_time": 474}
{"timestamp": "2025-06-29T00:21:52.003602", "level": "DEBUG", "service": "database", "message": "Sample log message 874", "response_time": 497}
{"timestamp": "2025-06-29T00:21:53.492410", "level": "INFO", "service": "cache", "message": "Sample log message 167", "response_time": 102}
{"timestamp": "2025-06-29T00:21:54.455498", "level": "DEBUG", "service": "web-server", "message": "Sample log message 686", "response_time": 101}
{"timestamp": "2025-06-29T00:21:55.808270", "level": "INFO", "service": "web-server", "message": "Sample log message 31", "response_time": 341}
{"timestamp": "2025-06-29T00:21:57.414778", "level": "DEBUG", "service": "database", "message": "Sample log message 893", "response_time": 462}
{"timestamp": "2025-06-29T00:21:58.140316", "level": "INFO", "service": "cache", "message": "Sample log message 917", "response_time": 462}
{"timestamp": "2025-06-29T00:21:59.250049", "level": "ERROR", "service": "auth-service", "message": "Sample log message 832", "response_time": 341}
{"timestamp": "2025-06-29T00:21:59.986941", "level": "WARN", "service": "database", "message": "Sample log message 37", "response_time": 478}
{"timestamp": "2025-06-29T00:22:00.568843", "level": "WARN", "service": "web-server", "message": "Sample log message 466", "response_time": 63}
{"timestamp": "2025-06-29T00:22:02.138058", "level": "ERROR", "service": "cache", "message": "Sample log message 447", "response_time": 346}
{"timestamp": "2025-06-29T00:22:03.325491", "level": "WARN", "service": "auth-service", "message": "Sample log message 220", "response_time": 366}
{"timestamp": "2025-06-29T00:22:04.555961", "level": "ERROR", "service": "web-server", "message": "Sample log message 69", "response_time": 24}
{"timestamp": "2025-06-29T00:22:06.483847", "level": "DEBUG", "service": "cache", "message": "Sample log message 246", "response_time": 113}
{"timestamp": "2025-06-29T00:22:08.226310", "level": "DEBUG", "service": "web-server", "message": "Sample log message 360", "response_time": 22}
{"timestamp": "2025-06-29T00:22:10.180450", "level": "WARN", "service": "web-server", "message": "Sample log message 591", "response_time": 161}
{"timestamp": "2025-06-29T00:22:12.054357", "level": "WARN", "service": "auth-service", "message": "Sample log message 950", "response_time": 408}
{"timestamp": "2025-06-29T00:22:13.151462", "level": "WARN", "service": "web-server", "message": "Sample log message 201", "response_time": 416}
{"timestamp": "2025-06-29T00:22:14.281058", "level": "INFO", "service": "web-server", "message": "Sample log message 888", "response_time": 206}
{"timestamp": "2025-06-29T00:22:16.138547", "level": "DEBUG", "service": "cache", "message": "Sample log message 864", "response_time": 308}
{"timestamp": "2025-06-29T00:22:17.407987", "level": "WARN", "service": "auth-service", "message": "Sample log message 674", "response_time": 51}
{"timestamp": "2025-06-29T00:22:18.471274", "level": "DEBUG", "service": "auth-service", "message": "Sample log message 509", "response_time": 106}
{"timestamp": "2025-06-29T00:22:19.434118", "level": "INFO", "service": "web-server", "message": "Sample log message 322", "response_time": 469}
{"timestamp": "2025-06-29T00:22:20.861792", "level": "INFO", "service": "database", "message": "Sample log message 876", "response_time": 427}
{"timestamp": "2025-06-29T00:22:21.457262", "level": "DEBUG", "service": "web-server", "message": "Sample log message 829", "response_time": 31}
{"timestamp": "2025-06-29T00:22:22.338440", "level": "INFO", "service": "web-server", "message": "Sample log message 423", "response_time": 225}
{"timestamp": "2025-06-29T00:22:23.767651", "level": "WARN", "service": "auth-service", "message": "Sample log message 146", "response_time": 402}
{"timestamp": "2025-06-29T00:22:25.545056", "level": "WARN", "service": "cache", "message": "Sample log message 579", "response_time": 418}
{"timestamp": "2025-06-29T00:22:26.953352", "level": "DEBUG", "service": "web-server", "message": "Sample log message 522", "response_time": 399}
{"timestamp": "2025-06-29T00:22:28.478614", "level": "INFO", "service": "database", "message": "Sample log message 377", "response_time": 482}
{"timestamp": "2025-06-29T00:22:29.512750", "level": "DEBUG", "service": "database", "message": "Sample log message 145", "response_time": 14}
{"timestamp": "2025-06-29T00:22:30.838014", "level": "DEBUG", "service": "cache", "message": "Sample log message 986", "response_time": 67}
{"timestamp": "2025-06-29T00:22:31.807741", "level": "WARN", "service": "auth-service", "message": "Sample log message 12", "response_time": 134}
{"timestamp": "2025-06-29T00:22:32.913411", "level": "INFO", "service": "cache", "message": "Sample log message 386", "response_time": 478}
{"timestamp": "2025-06-29T00:22:33.958910", "level": "INFO", "service": "database", "message": "Sample log message 825", "response_time": 221}
{"timestamp": "2025-06-29T00:22:35.739620", "level": "ERROR", "service": "database", "message": "Sample log message 941", "response_time": 136}
{"timestamp": "2025-06-29T00:22:36.431048", "level": "WARN", "service": "cache", "message": "Sample log message 615", "response_time": 217}
{"timestamp": "2025-06-29T00:22:38.284717", "level": "INFO", "service": "cache", "message": "Sample log message 908", "response_time": 179}
{"timestamp": "2025-06-29T00:22:39.187516", "level": "DEBUG", "service": "cache", "message": "Sample log message 962", "response_time": 182}
{"timestamp": "2025-06-29T00:22:40.453999", "level": "ERROR", "service": "database", "message": "Sample log message 160", "response_time": 184}
{"timestamp": "2025-06-29T00:22:41.508479", "level": "DEBUG", "service": "auth-service", "message": "Sample log message 449", "response_time": 437}
{"timestamp": "2025-06-29T00:22:43.410959", "level": "WARN", "service": "web-server", "message": "Sample log message 801", "response_time": 459}
{"timestamp": "2025-06-29T00:22:45.268711", "level": "WARN", "service": "cache", "message": "Sample log message 564", "response_time": 176}
{"timestamp": "2025-06-29T00:22:46.965797", "level": "DEBUG", "service": "web-server", "message": "Sample log message 806", "response_time": 331}
{"timestamp": "2025-06-29T00:22:48.902363", "level": "ERROR", "service": "web-server", "message": "Sample log message 213", "response_time": 303}
{"timestamp": "2025-06-29T00:22:49.862721", "level": "DEBUG", "service": "database", "message": "Sample log message 245", "response_time": 44}
{"timestamp": "2025-06-29T00:22:50.955882", "level": "INFO", "service": "web-server", "message": "Sample log message 158", "response_time": 253}
{"timestamp": "2025-06-29T00:22:51.988991", "level": "ERROR", "service": "auth-service", "message": "Sample log message 449", "response_time": 133}
{"timestamp": "2025-06-29T00:22:53.866499", "level": "INFO", "service": "web-server", "message": "Sample log message 349", "response_time": 464}
{"timestamp": "2025-06-29T00:22:55.361267", "level": "WARN", "service": "auth-service", "message": "Sample log message 803", "response_time": 455}
{"timestamp": "2025-06-29T00:22:56.674637", "level": "ERROR", "service": "database", "message": "Sample log message 775", "response_time": 123}
{"timestamp": "2025-06-29T00:22:57.635694", "level": "ERROR", "service": "cache", "message": "Sample log message 201", "response_time": 463}
{"timestamp": "2025-06-29T00:22:59.355440", "level": "ERROR", "service": "auth-service", "message": "Sample log message 353", "response_time": 204}
{"timestamp": "2025-06-29T00:23:00.144112", "level": "INFO", "service": "web-server", "message": "Sample log message 263", "response_time": 192}
{"timestamp": "2025-06-29T00:23:01.759599", "level": "WARN", "service": "auth-service", "message": "Sample log message 13", "response_time": 356}
{"timestamp": "2025-06-29T00:23:03.092879", "level": "DEBUG", "service": "database", "message": "Sample log message 99", "response_time": 160}
{"timestamp": "2025-06-29T00:23:04.480136", "level": "DEBUG", "service": "auth-service", "message": "Sample log message 96", "response_time": 249}
{"timestamp": "2025-06-29T00:23:05.047356", "level": "INFO", "service": "web-server", "message": "Sample log message 865", "response_time": 181}
{"timestamp": "2025-06-29T00:23:06.381413", "level": "WARN", "service": "auth-service", "message": "Sample log message 578", "response_time": 232}
{"timestamp": "2025-06-29T00:23:07.975188", "level": "ERROR", "service": "auth-service", "message": "Sample log message 172", "response_time": 108}
{"timestamp": "2025-06-29T00:23:09.308646", "level": "DEBUG", "service": "auth-service", "message": "Sample log message 89", "response_time": 144}
{"timestamp": "2025-06-29T00:23:10.190613", "level": "INFO", "service": "database", "message": "Sample log message 49", "response_time": 254}
{"timestamp": "2025-06-29T00:23:11.388055", "level": "INFO", "service": "cache", "message": "Sample log message 815", "response_time": 300}
{"timestamp": "2025-06-29T00:23:13.138715", "level": "DEBUG", "service": "database", "message": "Sample log message 641", "response_time": 379}
{"timestamp": "2025-06-29T00:23:14.510056", "level": "WARN", "service": "auth-service", "message": "Sample log message 596", "response_time": 307}
{"timestamp": "2025-06-29T00:23:15.426362", "level": "DEBUG", "service": "web-server", "message": "Sample log message 12", "response_time": 208}
{"timestamp": "2025-06-29T00:23:16.810775", "level": "WARN", "service": "web-server", "message": "Sample log message 620", "response_time": 381}
{"timestamp": "2025-06-29T00:23:18.354678", "level": "INFO", "service": "cache", "message": "Sample log message 119", "response_time": 324}
{"timestamp": "2025-06-29T00:23:19.831448", "level": "ERROR", "service": "auth-service", "message": "Sample log message 441", "response_time": 349}
{"timestamp": "2025-06-29T00:23:20.595011", "level": "WARN", "service": "cache", "message": "Sample log message 63", "response_time": 474}
